test_google.py:3:SB
--------------------------------------------------------------------
Last Page: https://www.indeed.com/jobs?q=software+developer&l=remote
 Duration: 13.23s
  Browser: Chrome 134.0.6998.89
   Driver: chromedriver 134.0.6998.90
Timestamp: 1742415814  (Unix Timestamp)
     Date: Thursday, 20 March 2025
     Time: 1:23:34 AM  (+05, UTC+05:00)
--------------------------------------------------------------------
Traceback:
  Traceback (most recent call last):
  File "/Users/shakhrillo/Desktop/mmain/indeedio/test_google.py", line 6, in <module>
    sb.wait_for_element('div[role="search"]')
  File "/Users/shakhrillo/Desktop/mmain/indeedio/venv/lib/python3.10/site-packages/seleniumbase/fixtures/base_case.py", line 9573, in wait_for_element
    return page_actions.wait_for_element_visible(
  File "/Users/shakhrillo/Desktop/mmain/indeedio/venv/lib/python3.10/site-packages/seleniumbase/fixtures/page_actions.py", line 514, in wait_for_element_visible
    timeout_exception(NoSuchElementException, message)
  File "/Users/shakhrillo/Desktop/mmain/indeedio/venv/lib/python3.10/site-packages/seleniumbase/fixtures/page_actions.py", line 267, in timeout_exception
    raise exc(msg)
seleniumbase.common.exceptions.NoSuchElementException: Message: 
 Element {div[role="search"]} was not present after 10 seconds!

